0 info it worked if it ends with ok
1 verbose cli [ 'C:\\Program Files\\nodejs\\node.exe',
1 verbose cli   'C:\\Program Files\\nodejs\\node_modules\\npm\\bin\\npm-cli.js',
1 verbose cli   'start' ]
2 info using npm@4.1.1
3 info using node@v5.5.0
4 verbose run-script [ 'prestart', 'start', 'poststart' ]
5 info lifecycle boilerplate@1.0.0~prestart: boilerplate@1.0.0
6 silly lifecycle boilerplate@1.0.0~prestart: no script for prestart, continuing
7 info lifecycle boilerplate@1.0.0~start: boilerplate@1.0.0
8 verbose lifecycle boilerplate@1.0.0~start: unsafe-perm in lifecycle true
9 verbose lifecycle boilerplate@1.0.0~start: PATH: C:\Program Files\nodejs\node_modules\npm\bin\node-gyp-bin;D:\_work\react\react-todo\node_modules\.bin;C:\Windows\system32;C:\Windows;C:\Windows\System32\Wbem;C:\Windows\System32\WindowsPowerShell\v1.0\;C:\Program Files (x86)\NVIDIA Corporation\PhysX\Common;C:\Program Files\nodejs\;D:\install\wget;D:\install\bin;C:\Program Files\TortoiseGit\bin;C:\Program Files (x86)\Skype\Phone\;C:\Program Files\Git\cmd;C:\Users\ZavodZamutov\AppData\Roaming\npm;C:\Users\ZavodZamutov\AppData\Local\atom\bin;C:\Program Files\Heroku\bin
10 verbose lifecycle boilerplate@1.0.0~start: CWD: D:\_work\react\react-todo
11 silly lifecycle boilerplate@1.0.0~start: Args: [ '/d /s /c',
11 silly lifecycle   'NODE_ENV=development npm run build && node server.js' ]
12 silly lifecycle boilerplate@1.0.0~start: Returned: code: 1  signal: null
13 info lifecycle boilerplate@1.0.0~start: Failed to exec start script
14 verbose stack Error: boilerplate@1.0.0 start: `NODE_ENV=development npm run build && node server.js`
14 verbose stack Exit status 1
14 verbose stack     at EventEmitter.<anonymous> (C:\Program Files\nodejs\node_modules\npm\lib\utils\lifecycle.js:279:16)
14 verbose stack     at emitTwo (events.js:100:13)
14 verbose stack     at EventEmitter.emit (events.js:185:7)
14 verbose stack     at ChildProcess.<anonymous> (C:\Program Files\nodejs\node_modules\npm\lib\utils\spawn.js:40:14)
14 verbose stack     at emitTwo (events.js:100:13)
14 verbose stack     at ChildProcess.emit (events.js:185:7)
14 verbose stack     at maybeClose (internal/child_process.js:821:16)
14 verbose stack     at Process.ChildProcess._handle.onexit (internal/child_process.js:211:5)
15 verbose pkgid boilerplate@1.0.0
16 verbose cwd D:\_work\react\react-todo
17 error Windows_NT 6.1.7601
18 error argv "C:\\Program Files\\nodejs\\node.exe" "C:\\Program Files\\nodejs\\node_modules\\npm\\bin\\npm-cli.js" "start"
19 error node v5.5.0
20 error npm  v4.1.1
21 error code ELIFECYCLE
22 error boilerplate@1.0.0 start: `NODE_ENV=development npm run build && node server.js`
22 error Exit status 1
23 error Failed at the boilerplate@1.0.0 start script 'NODE_ENV=development npm run build && node server.js'.
23 error Make sure you have the latest version of node.js and npm installed.
23 error If you do, this is most likely a problem with the boilerplate package,
23 error not with npm itself.
23 error Tell the author that this fails on your system:
23 error     NODE_ENV=development npm run build && node server.js
23 error You can get information on how to open an issue for this project with:
23 error     npm bugs boilerplate
23 error Or if that isn't available, you can get their info via:
23 error     npm owner ls boilerplate
23 error There is likely additional logging output above.
24 verbose exit [ 1, true ]
